<?xml version="1.0" encoding="UTF-8"?>
<testng-results skipped="0" failed="0" total="1" passed="1">
  <reporter-output>
  </reporter-output>
  <suite name="Default suite" duration-ms="9832" started-at="2012-11-09T04:16:37Z" finished-at="2012-11-09T04:16:46Z">
    <groups>
    </groups>
    <test name="Default test" duration-ms="9832" started-at="2012-11-09T04:16:37Z" finished-at="2012-11-09T04:16:46Z">
      <class name="Transections.GmailTest">
        <test-method status="PASS" signature="Startup()[pri:0, instance:Transections.GmailTest@15d7792]" name="Startup" is-config="true" duration-ms="5751" started-at="2012-11-09T04:16:37Z" finished-at="2012-11-09T04:16:42Z">
        </test-method>
        <test-method status="PASS" signature="GoogleLogin()[pri:0, instance:Transections.GmailTest@15d7792]" name="GoogleLogin" duration-ms="3679" started-at="2012-11-09T04:16:42Z" description="Google Login" finished-at="2012-11-09T04:16:46Z">
        </test-method>
        <test-method status="PASS" signature="teardown()[pri:0, instance:Transections.GmailTest@15d7792]" name="teardown" is-config="true" duration-ms="392" started-at="2012-11-09T04:16:46Z" finished-at="2012-11-09T04:16:46Z">
        </test-method>
      </class>
    </test>
  </suite>
</testng-results>
